Using pre-set license
Built from '2020.3/staging' branch; Version is '2020.3.13f1 (71691879b7f5) revision 7432472'; Using compiler version '192528614'; Build Type 'Release'
OS: 'Windows 10 Pro; OS build 19043.1348; Version 2009; 64bit' Language: 'en' Physical Memory: 16335 MB
BatchMode: 1, IsHumanControllingUs: 0, StartBugReporterOnCrash: 0, Is64bit: 1, IsPro: 0

 COMMAND LINE ARGUMENTS:
C:\Program Files\Unity\Hub\Editor\2020.3.13f1\Editor\Unity.exe
-adb2
-batchMode
-noUpm
-name
AssetImportWorker0
-projectPath
C:/Users/Student/Desktop/Shantal's Spaceshooter
-logFile
Logs/AssetImportWorker0.log
-srvPort
61331
Successfully changed project path to: C:/Users/Student/Desktop/Shantal's Spaceshooter
C:/Users/Student/Desktop/Shantal's Spaceshooter
Using Asset Import Pipeline V2.
Refreshing native plugins compatible for Editor in 38.13 ms, found 3 plugins.
Preloading 0 native plugins for Editor in 0.00 ms.
Initialize engine version: 2020.3.13f1 (71691879b7f5)
[Subsystems] Discovering subsystems at path C:/Program Files/Unity/Hub/Editor/2020.3.13f1/Editor/Data/Resources/UnitySubsystems
[Subsystems] Discovering subsystems at path C:/Users/Student/Desktop/Shantal's Spaceshooter/Assets
GfxDevice: creating device client; threaded=0
Direct3D:
    Version:  Direct3D 11.0 [level 11.1]
    Renderer: NVIDIA GeForce GT 1030 (ID=0x1d01)
    Vendor:   
    VRAM:     1982 MB
    Driver:   27.21.14.5671
Initialize mono
Mono path[0] = 'C:/Program Files/Unity/Hub/Editor/2020.3.13f1/Editor/Data/Managed'
Mono path[1] = 'C:/Program Files/Unity/Hub/Editor/2020.3.13f1/Editor/Data/MonoBleedingEdge/lib/mono/unityjit'
Mono config path = 'C:/Program Files/Unity/Hub/Editor/2020.3.13f1/Editor/Data/MonoBleedingEdge/etc'
Using monoOptions --debugger-agent=transport=dt_socket,embedding=1,server=y,suspend=n,address=127.0.0.1:56756
Begin MonoManager ReloadAssembly
Registering precompiled unity dll's ...
Register platform support module: C:/Program Files/Unity/Hub/Editor/2020.3.13f1/Editor/Data/PlaybackEngines/WindowsStandaloneSupport/UnityEditor.WindowsStandalone.Extensions.dll
Registered in 0.002067 seconds.
Native extension for WindowsStandalone target not found
Refreshing native plugins compatible for Editor in 36.46 ms, found 3 plugins.
Preloading 0 native plugins for Editor in 0.00 ms.
Mono: successfully reloaded assembly
- Completed reload, in  0.947 seconds
Platform modules already initialized, skipping
Registering precompiled user dll's ...
Registered in 0.004042 seconds.
Begin MonoManager ReloadAssembly
Native extension for WindowsStandalone target not found
Refreshing native plugins compatible for Editor in 41.73 ms, found 3 plugins.
Preloading 0 native plugins for Editor in 0.00 ms.
Mono: successfully reloaded assembly
- Completed reload, in  1.117 seconds
Platform modules already initialized, skipping
========================================================================
Worker process is ready to serve import requests
Launched and connected shader compiler UnityShaderCompiler.exe after 0.04 seconds
Refreshing native plugins compatible for Editor in 0.40 ms, found 3 plugins.
Preloading 0 native plugins for Editor in 0.00 ms.
Unloading 2084 Unused Serialized files (Serialized files now loaded: 0)
System memory in use before: 92.9 MB.
System memory in use after: 92.9 MB.

Unloading 33 unused Assets to reduce memory usage. Loaded Objects now: 2517.
Total: 2.267100 ms (FindLiveObjects: 0.152500 ms CreateObjectMapping: 0.060400 ms MarkObjects: 1.945000 ms  DeleteObjects: 0.108400 ms)

AssetImportParameters requested are different than current active one (requested -> active):
  custom:framework-win-MediaFoundation: 216162199b28c13a410421893ffa2e32 -> 
  custom:video-decoder-ogg-theora: a1e56fd34408186e4bbccfd4996cb3dc -> 
  custom:container-muxer-webm: aa71ff27fc2769a1b78a27578f13a17b -> 
  custom:container-demuxer-webm: 4f35f7cbe854078d1ac9338744f61a02 -> 
  custom:container-demuxer-ogg: 62fdf1f143b41e24485cea50d1cbac27 -> 
  custom:video-encoder-webm-vp8: eb34c28f22e8b96e1ab97ce403110664 -> 
  custom:video-decoder-webm-vp8: 9c59270c3fd7afecdb556c50c9e8de78 -> 
  custom:audio-decoder-ogg-vorbis: bf7c407c2cedff20999df2af8eb42d56 -> 
  custom:audio-encoder-webm-vorbis: bf7c407c2cedff20999df2af8eb42d56 -> 
========================================================================
Received Import Request.
  path: Assets/Purple spaceshooter shantal.png
  artifactKey: Guid(b1f2938816f90c043b7f16cff95944c0) Importer(815301076,1909f56bfc062723c751e8b465ee728b)
Start importing Assets/Purple spaceshooter shantal.png using Guid(b1f2938816f90c043b7f16cff95944c0) Importer(815301076,1909f56bfc062723c751e8b465ee728b)  -> (artifact id: 'b6c7eb741361b68e5a26dedb7ef774ec') in 0.109966 seconds 
  Import took 0.113449 seconds .

========================================================================
Received Import Request.
  Time since last request: 915.734897 seconds.
  path: Assets/Red enemy dude.png
  artifactKey: Guid(507eab496745d72429162cac9a82a8c5) Importer(815301076,1909f56bfc062723c751e8b465ee728b)
Start importing Assets/Red enemy dude.png using Guid(507eab496745d72429162cac9a82a8c5) Importer(815301076,1909f56bfc062723c751e8b465ee728b)  -> (artifact id: '9974ec5e056eb8e71a6d93a1f8907b58') in 0.018599 seconds 
  Import took 0.022660 seconds .

========================================================================
Received Import Request.
  Time since last request: 10.660704 seconds.
  path: Assets/Red enemy dude.png
  artifactKey: Guid(507eab496745d72429162cac9a82a8c5) Importer(815301076,1909f56bfc062723c751e8b465ee728b)
Start importing Assets/Red enemy dude.png using Guid(507eab496745d72429162cac9a82a8c5) Importer(815301076,1909f56bfc062723c751e8b465ee728b)  -> (artifact id: 'a8c5546b36458848be542c9827595424') in 0.009683 seconds 
  Import took 0.014336 seconds .

========================================================================
Received Import Request.
  Time since last request: 10.392553 seconds.
  path: Assets/Red enemy dude.png
  artifactKey: Guid(507eab496745d72429162cac9a82a8c5) Importer(815301076,1909f56bfc062723c751e8b465ee728b)
Start importing Assets/Red enemy dude.png using Guid(507eab496745d72429162cac9a82a8c5) Importer(815301076,1909f56bfc062723c751e8b465ee728b)  -> (artifact id: '3161820313920c8161ae5548536eea5e') in 0.022879 seconds 
  Import took 0.026441 seconds .

========================================================================
Received Import Request.
  Time since last request: 14.695799 seconds.
  path: Assets/Purple spaceshooter shantal.png
  artifactKey: Guid(b1f2938816f90c043b7f16cff95944c0) Importer(815301076,1909f56bfc062723c751e8b465ee728b)
Start importing Assets/Purple spaceshooter shantal.png using Guid(b1f2938816f90c043b7f16cff95944c0) Importer(815301076,1909f56bfc062723c751e8b465ee728b)  -> (artifact id: '5d263e45221adb0f4440a2daff9c62b4') in 0.013443 seconds 
  Import took 0.017272 seconds .

========================================================================
Received Prepare
Registering precompiled user dll's ...
Registered in 0.003804 seconds.
Begin MonoManager ReloadAssembly
Native extension for WindowsStandalone target not found
Refreshing native plugins compatible for Editor in 0.39 ms, found 3 plugins.
Preloading 0 native plugins for Editor in 0.00 ms.
Mono: successfully reloaded assembly
- Completed reload, in  0.953 seconds
Platform modules already initialized, skipping
Refreshing native plugins compatible for Editor in 0.41 ms, found 3 plugins.
Preloading 0 native plugins for Editor in 0.00 ms.
Unloading 2080 Unused Serialized files (Serialized files now loaded: 0)
System memory in use before: 95.9 MB.
System memory in use after: 95.9 MB.

Unloading 21 unused Assets to reduce memory usage. Loaded Objects now: 2537.
Total: 2.110000 ms (FindLiveObjects: 0.200300 ms CreateObjectMapping: 0.093700 ms MarkObjects: 1.727600 ms  DeleteObjects: 0.087400 ms)

AssetImportParameters requested are different than current active one (requested -> active):
  custom:framework-win-MediaFoundation: 216162199b28c13a410421893ffa2e32 -> 
  custom:video-decoder-ogg-theora: a1e56fd34408186e4bbccfd4996cb3dc -> 
  custom:container-muxer-webm: aa71ff27fc2769a1b78a27578f13a17b -> 
  custom:container-demuxer-webm: 4f35f7cbe854078d1ac9338744f61a02 -> 
  custom:container-demuxer-ogg: 62fdf1f143b41e24485cea50d1cbac27 -> 
  custom:video-encoder-webm-vp8: eb34c28f22e8b96e1ab97ce403110664 -> 
  custom:video-decoder-webm-vp8: 9c59270c3fd7afecdb556c50c9e8de78 -> 
  custom:audio-decoder-ogg-vorbis: bf7c407c2cedff20999df2af8eb42d56 -> 
  custom:audio-encoder-webm-vorbis: bf7c407c2cedff20999df2af8eb42d56 -> 
========================================================================
Received Prepare
Registering precompiled user dll's ...
Registered in 0.003788 seconds.
Begin MonoManager ReloadAssembly
Native extension for WindowsStandalone target not found
Refreshing native plugins compatible for Editor in 0.39 ms, found 3 plugins.
Preloading 0 native plugins for Editor in 0.00 ms.
Mono: successfully reloaded assembly
- Completed reload, in  0.999 seconds
Platform modules already initialized, skipping
Refreshing native plugins compatible for Editor in 0.39 ms, found 3 plugins.
Preloading 0 native plugins for Editor in 0.00 ms.
Unloading 2080 Unused Serialized files (Serialized files now loaded: 0)
System memory in use before: 95.9 MB.
System memory in use after: 95.9 MB.

Unloading 21 unused Assets to reduce memory usage. Loaded Objects now: 2541.
Total: 2.335100 ms (FindLiveObjects: 0.160700 ms CreateObjectMapping: 0.074100 ms MarkObjects: 1.997300 ms  DeleteObjects: 0.101900 ms)

AssetImportParameters requested are different than current active one (requested -> active):
  custom:framework-win-MediaFoundation: 216162199b28c13a410421893ffa2e32 -> 
  custom:video-decoder-ogg-theora: a1e56fd34408186e4bbccfd4996cb3dc -> 
  custom:container-muxer-webm: aa71ff27fc2769a1b78a27578f13a17b -> 
  custom:container-demuxer-webm: 4f35f7cbe854078d1ac9338744f61a02 -> 
  custom:container-demuxer-ogg: 62fdf1f143b41e24485cea50d1cbac27 -> 
  custom:video-encoder-webm-vp8: eb34c28f22e8b96e1ab97ce403110664 -> 
  custom:video-decoder-webm-vp8: 9c59270c3fd7afecdb556c50c9e8de78 -> 
  custom:audio-decoder-ogg-vorbis: bf7c407c2cedff20999df2af8eb42d56 -> 
  custom:audio-encoder-webm-vorbis: bf7c407c2cedff20999df2af8eb42d56 -> 
========================================================================
Received Prepare
Registering precompiled user dll's ...
Registered in 0.005088 seconds.
Begin MonoManager ReloadAssembly
Native extension for WindowsStandalone target not found
Refreshing native plugins compatible for Editor in 0.45 ms, found 3 plugins.
Preloading 0 native plugins for Editor in 0.00 ms.
Mono: successfully reloaded assembly
- Completed reload, in  1.292 seconds
Platform modules already initialized, skipping
Refreshing native plugins compatible for Editor in 0.44 ms, found 3 plugins.
Preloading 0 native plugins for Editor in 0.00 ms.
Unloading 2080 Unused Serialized files (Serialized files now loaded: 0)
System memory in use before: 96.0 MB.
System memory in use after: 95.9 MB.

Unloading 21 unused Assets to reduce memory usage. Loaded Objects now: 2545.
Total: 4.117100 ms (FindLiveObjects: 0.367500 ms CreateObjectMapping: 0.206300 ms MarkObjects: 3.416300 ms  DeleteObjects: 0.125600 ms)

AssetImportParameters requested are different than current active one (requested -> active):
  custom:framework-win-MediaFoundation: 216162199b28c13a410421893ffa2e32 -> 
  custom:video-decoder-ogg-theora: a1e56fd34408186e4bbccfd4996cb3dc -> 
  custom:container-muxer-webm: aa71ff27fc2769a1b78a27578f13a17b -> 
  custom:container-demuxer-webm: 4f35f7cbe854078d1ac9338744f61a02 -> 
  custom:container-demuxer-ogg: 62fdf1f143b41e24485cea50d1cbac27 -> 
  custom:video-encoder-webm-vp8: eb34c28f22e8b96e1ab97ce403110664 -> 
  custom:video-decoder-webm-vp8: 9c59270c3fd7afecdb556c50c9e8de78 -> 
  custom:audio-decoder-ogg-vorbis: bf7c407c2cedff20999df2af8eb42d56 -> 
  custom:audio-encoder-webm-vorbis: bf7c407c2cedff20999df2af8eb42d56 -> 
========================================================================
Received Import Request.
  Time since last request: 3534.131841 seconds.
  path: Assets/New Piskel (61).png
  artifactKey: Guid(66e8a2cb178bf8c41b9426b8629e74a7) Importer(815301076,1909f56bfc062723c751e8b465ee728b)
Start importing Assets/New Piskel (61).png using Guid(66e8a2cb178bf8c41b9426b8629e74a7) Importer(815301076,1909f56bfc062723c751e8b465ee728b)  -> (artifact id: 'be4932f92a7d600ae5bd194befa10a1d') in 0.082755 seconds 
  Import took 0.087886 seconds .

========================================================================
Received Import Request.
  Time since last request: 6.527873 seconds.
  path: Assets/New Piskel (61).png
  artifactKey: Guid(66e8a2cb178bf8c41b9426b8629e74a7) Importer(815301076,1909f56bfc062723c751e8b465ee728b)
Start importing Assets/New Piskel (61).png using Guid(66e8a2cb178bf8c41b9426b8629e74a7) Importer(815301076,1909f56bfc062723c751e8b465ee728b)  -> (artifact id: '692be39fc70cfd5bc96dde1bf29ab5a8') in 0.019822 seconds 
  Import took 0.023330 seconds .

========================================================================
Received Import Request.
  Time since last request: 23.187707 seconds.
  path: Assets/New Piskel (61).png
  artifactKey: Guid(66e8a2cb178bf8c41b9426b8629e74a7) Importer(815301076,1909f56bfc062723c751e8b465ee728b)
Start importing Assets/New Piskel (61).png using Guid(66e8a2cb178bf8c41b9426b8629e74a7) Importer(815301076,1909f56bfc062723c751e8b465ee728b)  -> (artifact id: '6f673347b281c5d74103b7b0d9b52ae1') in 0.072843 seconds 
  Import took 0.076555 seconds .

========================================================================
Received Import Request.
  Time since last request: 70.515481 seconds.
  path: Assets/New Piskel (61).png
  artifactKey: Guid(66e8a2cb178bf8c41b9426b8629e74a7) Importer(815301076,1909f56bfc062723c751e8b465ee728b)
Start importing Assets/New Piskel (61).png using Guid(66e8a2cb178bf8c41b9426b8629e74a7) Importer(815301076,1909f56bfc062723c751e8b465ee728b)  -> (artifact id: '25631b13b74d138e7d4339f61f28ae40') in 0.051882 seconds 
  Import took 0.055935 seconds .

========================================================================
Received Import Request.
  Time since last request: 279.626597 seconds.
  path: Assets/New Piskel (61).png
  artifactKey: Guid(66e8a2cb178bf8c41b9426b8629e74a7) Importer(815301076,1909f56bfc062723c751e8b465ee728b)
Start importing Assets/New Piskel (61).png using Guid(66e8a2cb178bf8c41b9426b8629e74a7) Importer(815301076,1909f56bfc062723c751e8b465ee728b)  -> (artifact id: '39714f264e0589bd73ae01c8e0a9dabb') in 0.050847 seconds 
  Import took 0.056263 seconds .

========================================================================
Received Import Request.
  Time since last request: 29.245696 seconds.
  path: Assets/New Piskel (61).png
  artifactKey: Guid(66e8a2cb178bf8c41b9426b8629e74a7) Importer(815301076,1909f56bfc062723c751e8b465ee728b)
Start importing Assets/New Piskel (61).png using Guid(66e8a2cb178bf8c41b9426b8629e74a7) Importer(815301076,1909f56bfc062723c751e8b465ee728b)  -> (artifact id: 'e72f323afa837fd4f5b912a08dbafc55') in 0.025547 seconds 
  Import took 0.028657 seconds .

========================================================================
Received Import Request.
  Time since last request: 13.737037 seconds.
  path: Assets/New Piskel (61).png
  artifactKey: Guid(66e8a2cb178bf8c41b9426b8629e74a7) Importer(815301076,1909f56bfc062723c751e8b465ee728b)
Start importing Assets/New Piskel (61).png using Guid(66e8a2cb178bf8c41b9426b8629e74a7) Importer(815301076,1909f56bfc062723c751e8b465ee728b)  -> (artifact id: '75905ed838976d4231b221aef72485af') in 0.052654 seconds 
  Import took 0.056251 seconds .

========================================================================
Received Import Request.
  Time since last request: 159.466911 seconds.
  path: Assets/New Piskel (61).png
  artifactKey: Guid(66e8a2cb178bf8c41b9426b8629e74a7) Importer(815301076,1909f56bfc062723c751e8b465ee728b)
Start importing Assets/New Piskel (61).png using Guid(66e8a2cb178bf8c41b9426b8629e74a7) Importer(815301076,1909f56bfc062723c751e8b465ee728b)  -> (artifact id: '96e2c666247d5d5fe26ae07ee9b52e16') in 0.045782 seconds 
  Import took 0.049355 seconds .

========================================================================
Received Prepare
Registering precompiled user dll's ...
Registered in 0.003902 seconds.
Begin MonoManager ReloadAssembly
Native extension for WindowsStandalone target not found
Refreshing native plugins compatible for Editor in 0.39 ms, found 3 plugins.
Preloading 0 native plugins for Editor in 0.00 ms.
Mono: successfully reloaded assembly
- Completed reload, in  0.928 seconds
Platform modules already initialized, skipping
Refreshing native plugins compatible for Editor in 0.64 ms, found 3 plugins.
Preloading 0 native plugins for Editor in 0.00 ms.
Unloading 2081 Unused Serialized files (Serialized files now loaded: 0)
System memory in use before: 96.0 MB.
System memory in use after: 96.0 MB.

Unloading 21 unused Assets to reduce memory usage. Loaded Objects now: 2558.
Total: 2.121300 ms (FindLiveObjects: 0.153000 ms CreateObjectMapping: 0.062900 ms MarkObjects: 1.813800 ms  DeleteObjects: 0.090800 ms)

AssetImportParameters requested are different than current active one (requested -> active):
  custom:framework-win-MediaFoundation: 216162199b28c13a410421893ffa2e32 -> 
  custom:video-decoder-ogg-theora: a1e56fd34408186e4bbccfd4996cb3dc -> 
  custom:container-muxer-webm: aa71ff27fc2769a1b78a27578f13a17b -> 
  custom:container-demuxer-webm: 4f35f7cbe854078d1ac9338744f61a02 -> 
  custom:container-demuxer-ogg: 62fdf1f143b41e24485cea50d1cbac27 -> 
  custom:video-encoder-webm-vp8: eb34c28f22e8b96e1ab97ce403110664 -> 
  custom:video-decoder-webm-vp8: 9c59270c3fd7afecdb556c50c9e8de78 -> 
  custom:audio-decoder-ogg-vorbis: bf7c407c2cedff20999df2af8eb42d56 -> 
  custom:audio-encoder-webm-vorbis: bf7c407c2cedff20999df2af8eb42d56 -> 
========================================================================
Received Prepare
Registering precompiled user dll's ...
Registered in 0.005082 seconds.
Begin MonoManager ReloadAssembly
Native extension for WindowsStandalone target not found
Refreshing native plugins compatible for Editor in 0.39 ms, found 3 plugins.
Preloading 0 native plugins for Editor in 0.00 ms.
Mono: successfully reloaded assembly
- Completed reload, in  0.906 seconds
Platform modules already initialized, skipping
Refreshing native plugins compatible for Editor in 0.39 ms, found 3 plugins.
Preloading 0 native plugins for Editor in 0.00 ms.
Unloading 2081 Unused Serialized files (Serialized files now loaded: 0)
System memory in use before: 96.0 MB.
System memory in use after: 96.0 MB.

Unloading 21 unused Assets to reduce memory usage. Loaded Objects now: 2562.
Total: 2.008900 ms (FindLiveObjects: 0.152200 ms CreateObjectMapping: 0.061900 ms MarkObjects: 1.703500 ms  DeleteObjects: 0.090500 ms)

AssetImportParameters requested are different than current active one (requested -> active):
  custom:framework-win-MediaFoundation: 216162199b28c13a410421893ffa2e32 -> 
  custom:video-decoder-ogg-theora: a1e56fd34408186e4bbccfd4996cb3dc -> 
  custom:container-muxer-webm: aa71ff27fc2769a1b78a27578f13a17b -> 
  custom:container-demuxer-webm: 4f35f7cbe854078d1ac9338744f61a02 -> 
  custom:container-demuxer-ogg: 62fdf1f143b41e24485cea50d1cbac27 -> 
  custom:video-encoder-webm-vp8: eb34c28f22e8b96e1ab97ce403110664 -> 
  custom:video-decoder-webm-vp8: 9c59270c3fd7afecdb556c50c9e8de78 -> 
  custom:audio-decoder-ogg-vorbis: bf7c407c2cedff20999df2af8eb42d56 -> 
  custom:audio-encoder-webm-vorbis: bf7c407c2cedff20999df2af8eb42d56 -> 
========================================================================
Received Prepare
Registering precompiled user dll's ...
Registered in 0.003888 seconds.
Begin MonoManager ReloadAssembly
Native extension for WindowsStandalone target not found
Refreshing native plugins compatible for Editor in 0.39 ms, found 3 plugins.
Preloading 0 native plugins for Editor in 0.00 ms.
Mono: successfully reloaded assembly
- Completed reload, in  0.917 seconds
Platform modules already initialized, skipping
Refreshing native plugins compatible for Editor in 0.38 ms, found 3 plugins.
Preloading 0 native plugins for Editor in 0.00 ms.
Unloading 2082 Unused Serialized files (Serialized files now loaded: 0)
System memory in use before: 96.1 MB.
System memory in use after: 96.0 MB.

Unloading 21 unused Assets to reduce memory usage. Loaded Objects now: 2567.
Total: 2.184900 ms (FindLiveObjects: 0.172000 ms CreateObjectMapping: 0.070700 ms MarkObjects: 1.851100 ms  DeleteObjects: 0.090300 ms)

AssetImportParameters requested are different than current active one (requested -> active):
  custom:framework-win-MediaFoundation: 216162199b28c13a410421893ffa2e32 -> 
  custom:video-decoder-ogg-theora: a1e56fd34408186e4bbccfd4996cb3dc -> 
  custom:container-muxer-webm: aa71ff27fc2769a1b78a27578f13a17b -> 
  custom:container-demuxer-webm: 4f35f7cbe854078d1ac9338744f61a02 -> 
  custom:container-demuxer-ogg: 62fdf1f143b41e24485cea50d1cbac27 -> 
  custom:video-encoder-webm-vp8: eb34c28f22e8b96e1ab97ce403110664 -> 
  custom:video-decoder-webm-vp8: 9c59270c3fd7afecdb556c50c9e8de78 -> 
  custom:audio-decoder-ogg-vorbis: bf7c407c2cedff20999df2af8eb42d56 -> 
  custom:audio-encoder-webm-vorbis: bf7c407c2cedff20999df2af8eb42d56 -> 
========================================================================
Received Prepare
Registering precompiled user dll's ...
Registered in 0.004186 seconds.
Begin MonoManager ReloadAssembly
Native extension for WindowsStandalone target not found
Refreshing native plugins compatible for Editor in 0.39 ms, found 3 plugins.
Preloading 0 native plugins for Editor in 0.00 ms.
Mono: successfully reloaded assembly
- Completed reload, in  0.905 seconds
Platform modules already initialized, skipping
Refreshing native plugins compatible for Editor in 0.39 ms, found 3 plugins.
Preloading 0 native plugins for Editor in 0.00 ms.
Unloading 2082 Unused Serialized files (Serialized files now loaded: 0)
System memory in use before: 96.1 MB.
System memory in use after: 96.1 MB.

Unloading 21 unused Assets to reduce memory usage. Loaded Objects now: 2571.
Total: 2.225900 ms (FindLiveObjects: 0.152600 ms CreateObjectMapping: 0.064100 ms MarkObjects: 1.917500 ms  DeleteObjects: 0.091100 ms)

AssetImportParameters requested are different than current active one (requested -> active):
  custom:framework-win-MediaFoundation: 216162199b28c13a410421893ffa2e32 -> 
  custom:video-decoder-ogg-theora: a1e56fd34408186e4bbccfd4996cb3dc -> 
  custom:container-muxer-webm: aa71ff27fc2769a1b78a27578f13a17b -> 
  custom:container-demuxer-webm: 4f35f7cbe854078d1ac9338744f61a02 -> 
  custom:container-demuxer-ogg: 62fdf1f143b41e24485cea50d1cbac27 -> 
  custom:video-encoder-webm-vp8: eb34c28f22e8b96e1ab97ce403110664 -> 
  custom:video-decoder-webm-vp8: 9c59270c3fd7afecdb556c50c9e8de78 -> 
  custom:audio-decoder-ogg-vorbis: bf7c407c2cedff20999df2af8eb42d56 -> 
  custom:audio-encoder-webm-vorbis: bf7c407c2cedff20999df2af8eb42d56 -> 
========================================================================
Received Import Request.
  Time since last request: 1437.988964 seconds.
  path: Assets/Pew pew projectile.prefab
  artifactKey: Guid(0dd45a84c397f7647aa3bbbbbd58887b) Importer(815301076,1909f56bfc062723c751e8b465ee728b)
Start importing Assets/Pew pew projectile.prefab using Guid(0dd45a84c397f7647aa3bbbbbd58887b) Importer(815301076,1909f56bfc062723c751e8b465ee728b) The Animator Controller (New Piskel (61)_8) you have used is not valid. Animations will not play
UnityEngine.StackTraceUtility:ExtractStackTrace ()
UnityEditor.EditorUtility:Internal_InstantiateRemoveAllNonAnimationComponentsSingle (UnityEngine.Object,UnityEngine.Vector3,UnityEngine.Quaternion)
UnityEditor.EditorUtility:InstantiateRemoveAllNonAnimationComponents (UnityEngine.Object,UnityEngine.Vector3,UnityEngine.Quaternion)
UnityEditor.EditorUtility:InstantiateForAnimatorPreview (UnityEngine.Object)
UnityEditor.GameObjectInspector/PreviewData:UpdateGameObject (UnityEngine.Object)
UnityEditor.GameObjectInspector/PreviewData:.ctor (UnityEngine.Object)
UnityEditor.GameObjectInspector:GetPreviewData ()
UnityEditor.GameObjectInspector:RenderStaticPreview (string,UnityEngine.Object[],int,int)
UnityEditor.AssetPreviewUpdater:CreatePreviewForAsset (UnityEngine.Object,UnityEngine.Object[],string)

[C:\buildslave\unity\build\Modules/Animation/Director/AnimatorControllerPlayable.cpp line 333]

The Animator Controller (New Piskel (61)_8) you have used is not valid. Animations will not play
UnityEngine.StackTraceUtility:ExtractStackTrace ()
UnityEditor.EditorUtility:InitInstantiatedPreviewRecursive (UnityEngine.GameObject)
UnityEditor.EditorUtility:InstantiateForAnimatorPreview (UnityEngine.Object)
UnityEditor.GameObjectInspector/PreviewData:UpdateGameObject (UnityEngine.Object)
UnityEditor.GameObjectInspector/PreviewData:.ctor (UnityEngine.Object)
UnityEditor.GameObjectInspector:GetPreviewData ()
UnityEditor.GameObjectInspector:RenderStaticPreview (string,UnityEngine.Object[],int,int)
UnityEditor.AssetPreviewUpdater:CreatePreviewForAsset (UnityEngine.Object,UnityEngine.Object[],string)

[C:\buildslave\unity\build\Modules/Animation/Director/AnimatorControllerPlayable.cpp line 333]

 -> (artifact id: '638501d32113427ac808dae892f1ccf9') in 0.076305 seconds 
  Import took 0.081562 seconds .

========================================================================
Received Import Request.
  Time since last request: 0.000722 seconds.
  path: Assets/Pew pew projectile.prefab
  artifactKey: Guid(0dd45a84c397f7647aa3bbbbbd58887b) Importer(815301076,1909f56bfc062723c751e8b465ee728b)
Start importing Assets/Pew pew projectile.prefab using Guid(0dd45a84c397f7647aa3bbbbbd58887b) Importer(815301076,1909f56bfc062723c751e8b465ee728b) The Animator Controller (New Piskel (61)_8) you have used is not valid. Animations will not play
UnityEngine.StackTraceUtility:ExtractStackTrace ()
UnityEditor.EditorUtility:Internal_InstantiateRemoveAllNonAnimationComponentsSingle (UnityEngine.Object,UnityEngine.Vector3,UnityEngine.Quaternion)
UnityEditor.EditorUtility:InstantiateRemoveAllNonAnimationComponents (UnityEngine.Object,UnityEngine.Vector3,UnityEngine.Quaternion)
UnityEditor.EditorUtility:InstantiateForAnimatorPreview (UnityEngine.Object)
UnityEditor.GameObjectInspector/PreviewData:UpdateGameObject (UnityEngine.Object)
UnityEditor.GameObjectInspector/PreviewData:.ctor (UnityEngine.Object)
UnityEditor.GameObjectInspector:GetPreviewData ()
UnityEditor.GameObjectInspector:RenderStaticPreview (string,UnityEngine.Object[],int,int)
UnityEditor.AssetPreviewUpdater:CreatePreviewForAsset (UnityEngine.Object,UnityEngine.Object[],string)

[C:\buildslave\unity\build\Modules/Animation/Director/AnimatorControllerPlayable.cpp line 333]

The Animator Controller (New Piskel (61)_8) you have used is not valid. Animations will not play
UnityEngine.StackTraceUtility:ExtractStackTrace ()
UnityEditor.EditorUtility:InitInstantiatedPreviewRecursive (UnityEngine.GameObject)
UnityEditor.EditorUtility:InstantiateForAnimatorPreview (UnityEngine.Object)
UnityEditor.GameObjectInspector/PreviewData:UpdateGameObject (UnityEngine.Object)
UnityEditor.GameObjectInspector/PreviewData:.ctor (UnityEngine.Object)
UnityEditor.GameObjectInspector:GetPreviewData ()
UnityEditor.GameObjectInspector:RenderStaticPreview (string,UnityEngine.Object[],int,int)
UnityEditor.AssetPreviewUpdater:CreatePreviewForAsset (UnityEngine.Object,UnityEngine.Object[],string)

[C:\buildslave\unity\build\Modules/Animation/Director/AnimatorControllerPlayable.cpp line 333]

 -> (artifact id: '638501d32113427ac808dae892f1ccf9') in 0.011894 seconds 
  Import took 0.017956 seconds .

========================================================================
Received Prepare
Registering precompiled user dll's ...
Registered in 0.004573 seconds.
Begin MonoManager ReloadAssembly
Native extension for WindowsStandalone target not found
Refreshing native plugins compatible for Editor in 1.96 ms, found 3 plugins.
Preloading 0 native plugins for Editor in 0.00 ms.
Mono: successfully reloaded assembly
- Completed reload, in  0.893 seconds
Platform modules already initialized, skipping
Refreshing native plugins compatible for Editor in 0.39 ms, found 3 plugins.
Preloading 0 native plugins for Editor in 0.00 ms.
Unloading 2082 Unused Serialized files (Serialized files now loaded: 0)
System memory in use before: 96.3 MB.
System memory in use after: 96.2 MB.

Unloading 21 unused Assets to reduce memory usage. Loaded Objects now: 2580.
Total: 2.085900 ms (FindLiveObjects: 0.188700 ms CreateObjectMapping: 0.086000 ms MarkObjects: 1.720300 ms  DeleteObjects: 0.090100 ms)

AssetImportParameters requested are different than current active one (requested -> active):
  custom:framework-win-MediaFoundation: 216162199b28c13a410421893ffa2e32 -> 
  custom:video-decoder-ogg-theora: a1e56fd34408186e4bbccfd4996cb3dc -> 
  custom:container-muxer-webm: aa71ff27fc2769a1b78a27578f13a17b -> 
  custom:container-demuxer-webm: 4f35f7cbe854078d1ac9338744f61a02 -> 
  custom:container-demuxer-ogg: 62fdf1f143b41e24485cea50d1cbac27 -> 
  custom:video-encoder-webm-vp8: eb34c28f22e8b96e1ab97ce403110664 -> 
  custom:video-decoder-webm-vp8: 9c59270c3fd7afecdb556c50c9e8de78 -> 
  custom:audio-decoder-ogg-vorbis: bf7c407c2cedff20999df2af8eb42d56 -> 
  custom:audio-encoder-webm-vorbis: bf7c407c2cedff20999df2af8eb42d56 -> 
AssetImportWorkerClient::OnTransportError - code=2 error=End of file
